{"D:\\codes\\github\\vue-vuetify\\src\\components\\ErrorHandler.vue": {"path":"D:\\codes\\github\\vue-vuetify\\src\\components\\ErrorHandler.vue","all":false,"statementMap":{"1":{"start":{"line":2,"column":0},"end":{"line":2,"column":7}},"2":{"start":{"line":3,"column":0},"end":{"line":3,"column":54}},"3":{"start":{"line":4,"column":0},"end":{"line":4,"column":35}},"4":{"start":{"line":5,"column":0},"end":{"line":5,"column":64}},"5":{"start":{"line":6,"column":0},"end":{"line":6,"column":10}},"6":{"start":{"line":7,"column":0},"end":{"line":7,"column":8}},"10":{"start":{"line":11,"column":0},"end":{"line":11,"column":58}},"11":{"start":{"line":12,"column":0},"end":{"line":12,"column":31}},"20":{"start":{"line":21,"column":0},"end":{"line":21,"column":35}},"22":{"start":{"line":23,"column":0},"end":{"line":23,"column":32}},"23":{"start":{"line":24,"column":0},"end":{"line":24,"column":80}},"24":{"start":{"line":25,"column":0},"end":{"line":25,"column":66}},"25":{"start":{"line":26,"column":0},"end":{"line":26,"column":3}}},"s":{"1":1,"2":1,"3":1,"4":1,"5":1,"6":1,"10":1,"11":1,"20":1,"22":1,"23":5,"24":4,"25":1},"branchMap":{"0":{"type":"branch","line":23,"loc":{"start":{"line":23,"column":25},"end":{"line":26,"column":1}},"locations":[{"start":{"line":23,"column":25},"end":{"line":26,"column":1}}]},"1":{"type":"branch","line":24,"loc":{"start":{"line":24,"column":56},"end":{"line":25,"column":66}},"locations":[{"start":{"line":24,"column":56},"end":{"line":25,"column":66}}]},"2":{"type":"branch","line":24,"loc":{"start":{"line":24,"column":56},"end":{"line":24,"column":80}},"locations":[{"start":{"line":24,"column":56},"end":{"line":24,"column":80}}]}},"b":{"0":[5],"1":[4],"2":[1]},"fnMap":{},"f":{}}
,"D:\\codes\\github\\vue-vuetify\\src\\components\\FavoritesList.vue": {"path":"D:\\codes\\github\\vue-vuetify\\src\\components\\FavoritesList.vue","all":false,"statementMap":{"1":{"start":{"line":2,"column":0},"end":{"line":2,"column":7}},"2":{"start":{"line":3,"column":0},"end":{"line":3,"column":17}},"3":{"start":{"line":4,"column":0},"end":{"line":4,"column":35}},"4":{"start":{"line":5,"column":0},"end":{"line":5,"column":26}},"5":{"start":{"line":6,"column":0},"end":{"line":6,"column":60}},"6":{"start":{"line":7,"column":0},"end":{"line":7,"column":6}},"7":{"start":{"line":8,"column":0},"end":{"line":8,"column":11}},"8":{"start":{"line":9,"column":0},"end":{"line":9,"column":12}},"9":{"start":{"line":10,"column":0},"end":{"line":10,"column":49}},"10":{"start":{"line":11,"column":0},"end":{"line":11,"column":27}},"11":{"start":{"line":12,"column":0},"end":{"line":12,"column":16}},"13":{"start":{"line":14,"column":0},"end":{"line":14,"column":32}},"14":{"start":{"line":15,"column":0},"end":{"line":15,"column":14}},"15":{"start":{"line":16,"column":0},"end":{"line":16,"column":17}},"16":{"start":{"line":17,"column":0},"end":{"line":17,"column":31}},"17":{"start":{"line":18,"column":0},"end":{"line":18,"column":27}},"18":{"start":{"line":19,"column":0},"end":{"line":19,"column":31}},"19":{"start":{"line":20,"column":0},"end":{"line":20,"column":8}},"20":{"start":{"line":21,"column":0},"end":{"line":21,"column":12}},"21":{"start":{"line":22,"column":0},"end":{"line":22,"column":8}},"25":{"start":{"line":26,"column":0},"end":{"line":26,"column":43}},"26":{"start":{"line":27,"column":0},"end":{"line":27,"column":36}},"27":{"start":{"line":28,"column":0},"end":{"line":28,"column":43}},"31":{"start":{"line":32,"column":0},"end":{"line":32,"column":28}},"32":{"start":{"line":33,"column":0},"end":{"line":33,"column":32}},"33":{"start":{"line":34,"column":0},"end":{"line":34,"column":31}},"34":{"start":{"line":35,"column":0},"end":{"line":35,"column":44}},"36":{"start":{"line":37,"column":0},"end":{"line":37,"column":43}},"37":{"start":{"line":38,"column":0},"end":{"line":38,"column":48}},"38":{"start":{"line":39,"column":0},"end":{"line":39,"column":35}},"39":{"start":{"line":40,"column":0},"end":{"line":40,"column":52}},"40":{"start":{"line":41,"column":0},"end":{"line":41,"column":53}},"41":{"start":{"line":42,"column":0},"end":{"line":42,"column":17}},"42":{"start":{"line":43,"column":0},"end":{"line":43,"column":3}},"44":{"start":{"line":45,"column":0},"end":{"line":45,"column":40}},"45":{"start":{"line":46,"column":0},"end":{"line":46,"column":50}},"46":{"start":{"line":47,"column":0},"end":{"line":47,"column":2}}},"s":{"1":1,"2":1,"3":1,"4":1,"5":1,"6":1,"7":1,"8":1,"9":1,"10":1,"11":1,"13":1,"14":1,"15":1,"16":1,"17":1,"18":1,"19":1,"20":1,"21":1,"25":1,"26":1,"27":1,"31":1,"32":1,"33":1,"34":1,"36":1,"37":2,"38":2,"39":2,"40":2,"41":2,"42":1,"44":1,"45":1,"46":1},"branchMap":{"0":{"type":"branch","line":37,"loc":{"start":{"line":37,"column":36},"end":{"line":43,"column":1}},"locations":[{"start":{"line":37,"column":36},"end":{"line":43,"column":1}}]},"1":{"type":"branch","line":45,"loc":{"start":{"line":45,"column":35},"end":{"line":46,"column":50}},"locations":[{"start":{"line":45,"column":35},"end":{"line":46,"column":50}}]},"2":{"type":"branch","line":5,"loc":{"start":{"line":5,"column":11},"end":{"line":5,"column":26}},"locations":[{"start":{"line":5,"column":11},"end":{"line":5,"column":26}}]},"3":{"type":"branch","line":17,"loc":{"start":{"line":17,"column":24},"end":{"line":19,"column":31}},"locations":[{"start":{"line":17,"column":24},"end":{"line":19,"column":31}}]},"4":{"type":"branch","line":19,"loc":{"start":{"line":19,"column":21},"end":{"line":19,"column":31}},"locations":[{"start":{"line":19,"column":21},"end":{"line":19,"column":31}}]},"5":{"type":"branch","line":14,"loc":{"start":{"line":14,"column":8},"end":{"line":14,"column":32}},"locations":[{"start":{"line":14,"column":8},"end":{"line":14,"column":32}}]}},"b":{"0":[2],"1":[1],"2":[1],"3":[1],"4":[1],"5":[1]},"fnMap":{"0":{"name":"$setup.favorites.length.onUpdate:page._cache.<computed>._cache.<computed>","decl":{"start":{"line":18,"column":22},"end":{"line":18,"column":27}},"loc":{"start":{"line":18,"column":22},"end":{"line":18,"column":27}},"line":18}},"f":{"0":0}}
,"D:\\codes\\github\\vue-vuetify\\src\\components\\Home.vue": {"path":"D:\\codes\\github\\vue-vuetify\\src\\components\\Home.vue","all":false,"statementMap":{"1":{"start":{"line":2,"column":0},"end":{"line":2,"column":34}},"2":{"start":{"line":3,"column":0},"end":{"line":3,"column":16}},"3":{"start":{"line":4,"column":0},"end":{"line":4,"column":11}},"4":{"start":{"line":5,"column":0},"end":{"line":5,"column":64}},"5":{"start":{"line":6,"column":0},"end":{"line":6,"column":18}},"7":{"start":{"line":8,"column":0},"end":{"line":8,"column":22}},"8":{"start":{"line":9,"column":0},"end":{"line":9,"column":18}},"9":{"start":{"line":10,"column":0},"end":{"line":10,"column":16}},"10":{"start":{"line":11,"column":0},"end":{"line":11,"column":21}},"11":{"start":{"line":12,"column":0},"end":{"line":12,"column":71}},"13":{"start":{"line":14,"column":0},"end":{"line":14,"column":11}},"14":{"start":{"line":15,"column":0},"end":{"line":15,"column":73}},"15":{"start":{"line":16,"column":0},"end":{"line":16,"column":34}},"16":{"start":{"line":17,"column":0},"end":{"line":17,"column":46}},"17":{"start":{"line":18,"column":0},"end":{"line":18,"column":50}},"18":{"start":{"line":19,"column":0},"end":{"line":19,"column":23}},"19":{"start":{"line":20,"column":0},"end":{"line":20,"column":32}},"20":{"start":{"line":21,"column":0},"end":{"line":21,"column":33}},"21":{"start":{"line":22,"column":0},"end":{"line":22,"column":42}},"22":{"start":{"line":23,"column":0},"end":{"line":23,"column":34}},"23":{"start":{"line":24,"column":0},"end":{"line":24,"column":28}},"24":{"start":{"line":25,"column":0},"end":{"line":25,"column":34}},"25":{"start":{"line":26,"column":0},"end":{"line":26,"column":26}},"26":{"start":{"line":27,"column":0},"end":{"line":27,"column":20}},"27":{"start":{"line":28,"column":0},"end":{"line":28,"column":19}},"28":{"start":{"line":29,"column":0},"end":{"line":29,"column":27}},"29":{"start":{"line":30,"column":0},"end":{"line":30,"column":32}},"30":{"start":{"line":31,"column":0},"end":{"line":31,"column":34}},"31":{"start":{"line":32,"column":0},"end":{"line":32,"column":33}},"32":{"start":{"line":33,"column":0},"end":{"line":33,"column":25}},"33":{"start":{"line":34,"column":0},"end":{"line":34,"column":31}},"34":{"start":{"line":35,"column":0},"end":{"line":35,"column":34}},"35":{"start":{"line":36,"column":0},"end":{"line":36,"column":28}},"36":{"start":{"line":37,"column":0},"end":{"line":37,"column":47}},"37":{"start":{"line":38,"column":0},"end":{"line":38,"column":49}},"38":{"start":{"line":39,"column":0},"end":{"line":39,"column":38}},"39":{"start":{"line":40,"column":0},"end":{"line":40,"column":44}},"40":{"start":{"line":41,"column":0},"end":{"line":41,"column":30}},"41":{"start":{"line":42,"column":0},"end":{"line":42,"column":20}},"42":{"start":{"line":43,"column":0},"end":{"line":43,"column":18}},"43":{"start":{"line":44,"column":0},"end":{"line":44,"column":22}},"45":{"start":{"line":46,"column":0},"end":{"line":46,"column":39}},"46":{"start":{"line":47,"column":0},"end":{"line":47,"column":61}},"47":{"start":{"line":48,"column":0},"end":{"line":48,"column":50}},"48":{"start":{"line":49,"column":0},"end":{"line":49,"column":73}},"49":{"start":{"line":50,"column":0},"end":{"line":50,"column":19}},"50":{"start":{"line":51,"column":0},"end":{"line":51,"column":22}},"52":{"start":{"line":53,"column":0},"end":{"line":53,"column":39}},"53":{"start":{"line":54,"column":0},"end":{"line":54,"column":39}},"54":{"start":{"line":55,"column":0},"end":{"line":55,"column":45}},"55":{"start":{"line":56,"column":0},"end":{"line":56,"column":24}},"56":{"start":{"line":57,"column":0},"end":{"line":57,"column":36}},"57":{"start":{"line":58,"column":0},"end":{"line":58,"column":36}},"58":{"start":{"line":59,"column":0},"end":{"line":59,"column":34}},"59":{"start":{"line":60,"column":0},"end":{"line":60,"column":16}},"60":{"start":{"line":61,"column":0},"end":{"line":61,"column":33}},"61":{"start":{"line":62,"column":0},"end":{"line":62,"column":44}},"62":{"start":{"line":63,"column":0},"end":{"line":63,"column":31}},"63":{"start":{"line":64,"column":0},"end":{"line":64,"column":33}},"64":{"start":{"line":65,"column":0},"end":{"line":65,"column":26}},"65":{"start":{"line":66,"column":0},"end":{"line":66,"column":22}},"66":{"start":{"line":67,"column":0},"end":{"line":67,"column":12}},"67":{"start":{"line":68,"column":0},"end":{"line":68,"column":18}},"68":{"start":{"line":69,"column":0},"end":{"line":69,"column":16}},"72":{"start":{"line":73,"column":0},"end":{"line":73,"column":26}},"73":{"start":{"line":74,"column":0},"end":{"line":74,"column":40}},"74":{"start":{"line":75,"column":0},"end":{"line":75,"column":43}},"75":{"start":{"line":76,"column":0},"end":{"line":76,"column":36}},"79":{"start":{"line":80,"column":0},"end":{"line":80,"column":32}},"80":{"start":{"line":81,"column":0},"end":{"line":81,"column":48}},"81":{"start":{"line":82,"column":0},"end":{"line":82,"column":32}},"82":{"start":{"line":83,"column":0},"end":{"line":83,"column":72}},"84":{"start":{"line":85,"column":0},"end":{"line":85,"column":31}},"85":{"start":{"line":86,"column":0},"end":{"line":86,"column":44}},"87":{"start":{"line":88,"column":0},"end":{"line":88,"column":24}},"88":{"start":{"line":89,"column":0},"end":{"line":89,"column":21}},"89":{"start":{"line":90,"column":0},"end":{"line":90,"column":42}},"90":{"start":{"line":91,"column":0},"end":{"line":91,"column":1}},"92":{"start":{"line":93,"column":0},"end":{"line":93,"column":20}},"93":{"start":{"line":94,"column":0},"end":{"line":94,"column":21}},"94":{"start":{"line":95,"column":0},"end":{"line":95,"column":20}},"95":{"start":{"line":96,"column":0},"end":{"line":96,"column":18}},"96":{"start":{"line":97,"column":0},"end":{"line":97,"column":10}},"97":{"start":{"line":98,"column":0},"end":{"line":98,"column":1}}},"s":{"1":1,"2":1,"3":1,"4":1,"5":1,"7":1,"8":1,"9":1,"10":1,"11":1,"13":1,"14":1,"15":1,"16":1,"17":1,"18":1,"19":1,"20":1,"21":1,"22":1,"23":1,"24":1,"25":1,"26":1,"27":1,"28":1,"29":1,"30":1,"31":1,"32":1,"33":1,"34":1,"35":1,"36":1,"37":1,"38":1,"39":1,"40":1,"41":1,"42":1,"43":1,"45":1,"46":1,"47":1,"48":1,"49":1,"50":1,"52":1,"53":1,"54":1,"55":1,"56":1,"57":1,"58":1,"59":1,"60":1,"61":1,"62":1,"63":1,"64":1,"65":1,"66":1,"67":1,"68":1,"72":1,"73":1,"74":1,"75":1,"79":1,"80":1,"81":1,"82":1,"84":1,"85":1,"87":2,"88":2,"89":2,"90":2,"92":1,"93":1,"94":1,"95":0,"96":1,"97":1},"branchMap":{"0":{"type":"branch","line":88,"loc":{"start":{"line":88,"column":0},"end":{"line":91,"column":1}},"locations":[{"start":{"line":88,"column":0},"end":{"line":91,"column":1}}]},"1":{"type":"branch","line":93,"loc":{"start":{"line":93,"column":0},"end":{"line":98,"column":1}},"locations":[{"start":{"line":93,"column":0},"end":{"line":98,"column":1}}]},"2":{"type":"branch","line":8,"loc":{"start":{"line":8,"column":6},"end":{"line":8,"column":22}},"locations":[{"start":{"line":8,"column":6},"end":{"line":8,"column":22}}]},"3":{"type":"branch","line":25,"loc":{"start":{"line":25,"column":25},"end":{"line":25,"column":34}},"locations":[{"start":{"line":25,"column":25},"end":{"line":25,"column":34}}]},"4":{"type":"branch","line":32,"loc":{"start":{"line":32,"column":25},"end":{"line":32,"column":33}},"locations":[{"start":{"line":32,"column":25},"end":{"line":32,"column":33}}]},"5":{"type":"branch","line":47,"loc":{"start":{"line":47,"column":27},"end":{"line":47,"column":32}},"locations":[{"start":{"line":47,"column":27},"end":{"line":47,"column":32}}]},"6":{"type":"branch","line":48,"loc":{"start":{"line":48,"column":32},"end":{"line":48,"column":50}},"locations":[{"start":{"line":48,"column":32},"end":{"line":48,"column":50}}]},"7":{"type":"branch","line":48,"loc":{"start":{"line":48,"column":42},"end":{"line":48,"column":50}},"locations":[{"start":{"line":48,"column":42},"end":{"line":48,"column":50}}]},"8":{"type":"branch","line":49,"loc":{"start":{"line":49,"column":31},"end":{"line":49,"column":73}},"locations":[{"start":{"line":49,"column":31},"end":{"line":49,"column":73}}]},"9":{"type":"branch","line":54,"loc":{"start":{"line":54,"column":34},"end":{"line":54,"column":39}},"locations":[{"start":{"line":54,"column":34},"end":{"line":54,"column":39}}]},"10":{"type":"branch","line":63,"loc":{"start":{"line":63,"column":14},"end":{"line":63,"column":31}},"locations":[{"start":{"line":63,"column":14},"end":{"line":63,"column":31}}]}},"b":{"0":[2],"1":[1],"2":[8],"3":[5],"4":[5],"5":[5],"6":[8],"7":[5],"8":[8],"9":[5],"10":[8]},"fnMap":{"0":{"name":"searchMovie","decl":{"start":{"line":88,"column":0},"end":{"line":91,"column":1}},"loc":{"start":{"line":88,"column":0},"end":{"line":91,"column":1}},"line":88},"1":{"name":"onClear","decl":{"start":{"line":93,"column":0},"end":{"line":98,"column":1}},"loc":{"start":{"line":93,"column":0},"end":{"line":98,"column":1}},"line":93},"2":{"name":"onUpdate:modelValue._cache.<computed>._cache.<computed>","decl":{"start":{"line":25,"column":25},"end":{"line":25,"column":34}},"loc":{"start":{"line":25,"column":25},"end":{"line":25,"column":34}},"line":25},"3":{"name":"onUpdate:modelValue._cache.<computed>._cache.<computed>","decl":{"start":{"line":32,"column":25},"end":{"line":32,"column":33}},"loc":{"start":{"line":32,"column":25},"end":{"line":32,"column":33}},"line":32},"4":{"name":"onUpdate:modelValue._cache.<computed>._cache.<computed>","decl":{"start":{"line":47,"column":27},"end":{"line":47,"column":32}},"loc":{"start":{"line":47,"column":27},"end":{"line":47,"column":32}},"line":47},"5":{"name":"onUpdate:modelValue._cache.<computed>._cache.<computed>","decl":{"start":{"line":54,"column":34},"end":{"line":54,"column":39}},"loc":{"start":{"line":54,"column":34},"end":{"line":54,"column":39}},"line":54}},"f":{"0":2,"1":1,"2":0,"3":0,"4":0,"5":0}}
,"D:\\codes\\github\\vue-vuetify\\src\\components\\Loader.vue": {"path":"D:\\codes\\github\\vue-vuetify\\src\\components\\Loader.vue","all":false,"statementMap":{"1":{"start":{"line":2,"column":0},"end":{"line":2,"column":9}},"2":{"start":{"line":3,"column":0},"end":{"line":3,"column":75}},"3":{"start":{"line":4,"column":0},"end":{"line":4,"column":57}},"4":{"start":{"line":5,"column":0},"end":{"line":5,"column":12}},"5":{"start":{"line":6,"column":0},"end":{"line":6,"column":10}},"8":{"start":{"line":9,"column":0},"end":{"line":9,"column":14}},"9":{"start":{"line":10,"column":0},"end":{"line":10,"column":34}}},"s":{"1":1,"2":1,"3":1,"4":1,"5":1,"8":1,"9":1},"branchMap":{},"b":{},"fnMap":{},"f":{}}
,"D:\\codes\\github\\vue-vuetify\\src\\components\\Movie.vue": {"path":"D:\\codes\\github\\vue-vuetify\\src\\components\\Movie.vue","all":false,"statementMap":{"1":{"start":{"line":2,"column":0},"end":{"line":2,"column":39}},"2":{"start":{"line":3,"column":0},"end":{"line":3,"column":34}},"3":{"start":{"line":4,"column":0},"end":{"line":4,"column":13}},"4":{"start":{"line":5,"column":0},"end":{"line":5,"column":17}},"5":{"start":{"line":6,"column":0},"end":{"line":6,"column":25}},"6":{"start":{"line":7,"column":0},"end":{"line":7,"column":41}},"7":{"start":{"line":8,"column":0},"end":{"line":8,"column":23}},"8":{"start":{"line":9,"column":0},"end":{"line":9,"column":13}},"10":{"start":{"line":11,"column":0},"end":{"line":11,"column":24}},"11":{"start":{"line":12,"column":0},"end":{"line":12,"column":15}},"12":{"start":{"line":13,"column":0},"end":{"line":13,"column":13}},"13":{"start":{"line":14,"column":0},"end":{"line":14,"column":17}},"14":{"start":{"line":15,"column":0},"end":{"line":15,"column":20}},"15":{"start":{"line":16,"column":0},"end":{"line":16,"column":27}},"16":{"start":{"line":17,"column":0},"end":{"line":17,"column":37}},"17":{"start":{"line":18,"column":0},"end":{"line":18,"column":13}},"18":{"start":{"line":19,"column":0},"end":{"line":19,"column":35}},"19":{"start":{"line":20,"column":0},"end":{"line":20,"column":7}},"20":{"start":{"line":21,"column":0},"end":{"line":21,"column":32}},"21":{"start":{"line":22,"column":0},"end":{"line":22,"column":15}},"22":{"start":{"line":23,"column":0},"end":{"line":23,"column":22}},"23":{"start":{"line":24,"column":0},"end":{"line":24,"column":27}},"24":{"start":{"line":25,"column":0},"end":{"line":25,"column":55}},"26":{"start":{"line":27,"column":0},"end":{"line":27,"column":46}},"27":{"start":{"line":28,"column":0},"end":{"line":28,"column":27}},"28":{"start":{"line":29,"column":0},"end":{"line":29,"column":56}},"29":{"start":{"line":30,"column":0},"end":{"line":30,"column":58}},"30":{"start":{"line":31,"column":0},"end":{"line":31,"column":69}},"31":{"start":{"line":32,"column":0},"end":{"line":32,"column":17}},"32":{"start":{"line":33,"column":0},"end":{"line":33,"column":14}},"33":{"start":{"line":34,"column":0},"end":{"line":34,"column":21}},"34":{"start":{"line":35,"column":0},"end":{"line":35,"column":11}},"39":{"start":{"line":40,"column":0},"end":{"line":40,"column":43}},"43":{"start":{"line":44,"column":0},"end":{"line":44,"column":39}},"44":{"start":{"line":45,"column":0},"end":{"line":45,"column":31}},"46":{"start":{"line":47,"column":0},"end":{"line":47,"column":35}},"47":{"start":{"line":48,"column":0},"end":{"line":48,"column":36}},"48":{"start":{"line":49,"column":0},"end":{"line":49,"column":1}},"50":{"start":{"line":51,"column":0},"end":{"line":51,"column":28}},"51":{"start":{"line":52,"column":0},"end":{"line":52,"column":33}},"52":{"start":{"line":53,"column":0},"end":{"line":53,"column":1}},"54":{"start":{"line":55,"column":0},"end":{"line":55,"column":31}},"55":{"start":{"line":56,"column":0},"end":{"line":56,"column":64}},"56":{"start":{"line":57,"column":0},"end":{"line":57,"column":1}}},"s":{"1":1,"2":1,"3":1,"4":1,"5":1,"6":1,"7":1,"8":1,"10":1,"11":1,"12":1,"13":1,"14":1,"15":1,"16":1,"17":1,"18":1,"19":1,"20":5,"21":1,"22":1,"23":1,"24":1,"26":1,"27":1,"28":1,"29":1,"30":1,"31":1,"32":1,"33":1,"34":1,"39":1,"43":1,"44":1,"46":1,"47":1,"48":1,"50":11,"51":11,"52":11,"54":1,"55":1,"56":1},"branchMap":{"0":{"type":"branch","line":47,"loc":{"start":{"line":47,"column":0},"end":{"line":49,"column":1}},"locations":[{"start":{"line":47,"column":0},"end":{"line":49,"column":1}}]},"1":{"type":"branch","line":51,"loc":{"start":{"line":51,"column":0},"end":{"line":53,"column":1}},"locations":[{"start":{"line":51,"column":0},"end":{"line":53,"column":1}}]},"2":{"type":"branch","line":55,"loc":{"start":{"line":55,"column":0},"end":{"line":57,"column":1}},"locations":[{"start":{"line":55,"column":0},"end":{"line":57,"column":1}}]},"3":{"type":"branch","line":19,"loc":{"start":{"line":19,"column":14},"end":{"line":19,"column":35}},"locations":[{"start":{"line":19,"column":14},"end":{"line":19,"column":35}}]},"4":{"type":"branch","line":11,"loc":{"start":{"line":11,"column":8},"end":{"line":11,"column":24}},"locations":[{"start":{"line":11,"column":8},"end":{"line":11,"column":24}}]},"5":{"type":"branch","line":21,"loc":{"start":{"line":21,"column":-2},"end":{"line":21,"column":32}},"locations":[{"start":{"line":21,"column":-2},"end":{"line":21,"column":32}}]},"6":{"type":"branch","line":29,"loc":{"start":{"line":29,"column":42},"end":{"line":29,"column":56}},"locations":[{"start":{"line":29,"column":42},"end":{"line":29,"column":56}}]},"7":{"type":"branch","line":31,"loc":{"start":{"line":31,"column":10},"end":{"line":31,"column":69}},"locations":[{"start":{"line":31,"column":10},"end":{"line":31,"column":69}}]},"8":{"type":"branch","line":31,"loc":{"start":{"line":31,"column":31},"end":{"line":31,"column":69}},"locations":[{"start":{"line":31,"column":31},"end":{"line":31,"column":69}}]}},"b":{"0":[1],"1":[11],"2":[1],"3":[3],"4":[5],"5":[5],"6":[3],"7":[5],"8":[0]},"fnMap":{"0":{"name":"fav","decl":{"start":{"line":47,"column":0},"end":{"line":49,"column":1}},"loc":{"start":{"line":47,"column":0},"end":{"line":49,"column":1}},"line":47},"1":{"name":"isFav","decl":{"start":{"line":51,"column":0},"end":{"line":53,"column":1}},"loc":{"start":{"line":51,"column":0},"end":{"line":53,"column":1}},"line":51},"2":{"name":"goto","decl":{"start":{"line":55,"column":0},"end":{"line":57,"column":1}},"loc":{"start":{"line":55,"column":0},"end":{"line":57,"column":1}},"line":55},"3":{"name":"onClick._cache.<computed>._cache.<computed>","decl":{"start":{"line":19,"column":14},"end":{"line":19,"column":35}},"loc":{"start":{"line":19,"column":14},"end":{"line":19,"column":35}},"line":19},"4":{"name":"onClick._cache.<computed>._cache.<computed>","decl":{"start":{"line":29,"column":42},"end":{"line":29,"column":56}},"loc":{"start":{"line":29,"column":42},"end":{"line":29,"column":56}},"line":29}},"f":{"0":1,"1":11,"2":1,"3":0,"4":0}}
,"D:\\codes\\github\\vue-vuetify\\src\\components\\MovieList.vue": {"path":"D:\\codes\\github\\vue-vuetify\\src\\components\\MovieList.vue","all":false,"statementMap":{"1":{"start":{"line":2,"column":0},"end":{"line":2,"column":7}},"2":{"start":{"line":3,"column":0},"end":{"line":3,"column":17}},"3":{"start":{"line":4,"column":0},"end":{"line":4,"column":35}},"4":{"start":{"line":5,"column":0},"end":{"line":5,"column":26}},"5":{"start":{"line":6,"column":0},"end":{"line":6,"column":61}},"6":{"start":{"line":7,"column":0},"end":{"line":7,"column":6}},"7":{"start":{"line":8,"column":0},"end":{"line":8,"column":41}},"8":{"start":{"line":9,"column":0},"end":{"line":9,"column":17}},"9":{"start":{"line":10,"column":0},"end":{"line":10,"column":32}},"10":{"start":{"line":11,"column":0},"end":{"line":11,"column":35}},"11":{"start":{"line":12,"column":0},"end":{"line":12,"column":22}},"12":{"start":{"line":13,"column":0},"end":{"line":13,"column":6}},"13":{"start":{"line":14,"column":0},"end":{"line":14,"column":29}},"14":{"start":{"line":15,"column":0},"end":{"line":15,"column":12}},"15":{"start":{"line":16,"column":0},"end":{"line":16,"column":47}},"16":{"start":{"line":17,"column":0},"end":{"line":17,"column":27}},"17":{"start":{"line":18,"column":0},"end":{"line":18,"column":17}},"18":{"start":{"line":19,"column":0},"end":{"line":19,"column":14}},"19":{"start":{"line":20,"column":0},"end":{"line":20,"column":14}},"20":{"start":{"line":21,"column":0},"end":{"line":21,"column":14}},"22":{"start":{"line":23,"column":0},"end":{"line":23,"column":32}},"23":{"start":{"line":24,"column":0},"end":{"line":24,"column":14}},"24":{"start":{"line":25,"column":0},"end":{"line":25,"column":17}},"25":{"start":{"line":26,"column":0},"end":{"line":26,"column":38}},"26":{"start":{"line":27,"column":0},"end":{"line":27,"column":27}},"27":{"start":{"line":28,"column":0},"end":{"line":28,"column":44}},"28":{"start":{"line":29,"column":0},"end":{"line":29,"column":41}},"29":{"start":{"line":30,"column":0},"end":{"line":30,"column":8}},"30":{"start":{"line":31,"column":0},"end":{"line":31,"column":12}},"31":{"start":{"line":32,"column":0},"end":{"line":32,"column":8}},"35":{"start":{"line":36,"column":0},"end":{"line":36,"column":37}},"36":{"start":{"line":37,"column":0},"end":{"line":37,"column":43}},"37":{"start":{"line":38,"column":0},"end":{"line":38,"column":36}},"46":{"start":{"line":47,"column":0},"end":{"line":47,"column":31}},"47":{"start":{"line":48,"column":0},"end":{"line":48,"column":77}},"49":{"start":{"line":50,"column":0},"end":{"line":50,"column":35}},"50":{"start":{"line":51,"column":0},"end":{"line":51,"column":28}},"52":{"start":{"line":53,"column":0},"end":{"line":53,"column":47}},"53":{"start":{"line":54,"column":0},"end":{"line":54,"column":32}},"54":{"start":{"line":55,"column":0},"end":{"line":55,"column":78}},"55":{"start":{"line":56,"column":0},"end":{"line":56,"column":1}},"57":{"start":{"line":58,"column":0},"end":{"line":58,"column":17}},"58":{"start":{"line":59,"column":0},"end":{"line":59,"column":16}},"59":{"start":{"line":60,"column":0},"end":{"line":60,"column":27}},"60":{"start":{"line":61,"column":0},"end":{"line":61,"column":3}},"62":{"start":{"line":63,"column":0},"end":{"line":63,"column":14}},"63":{"start":{"line":64,"column":0},"end":{"line":64,"column":14}},"64":{"start":{"line":65,"column":0},"end":{"line":65,"column":3}}},"s":{"1":1,"2":1,"3":1,"4":1,"5":1,"6":1,"7":1,"8":1,"9":1,"10":2,"11":2,"12":1,"13":1,"14":1,"15":1,"16":1,"17":1,"18":1,"19":1,"20":1,"22":1,"23":1,"24":1,"25":1,"26":0,"27":0,"28":0,"29":1,"30":1,"31":1,"35":1,"36":1,"37":1,"46":1,"47":1,"49":1,"50":1,"52":4,"53":4,"54":4,"55":4,"57":1,"58":4,"59":4,"60":1,"62":1,"63":1,"64":1},"branchMap":{"0":{"type":"branch","line":53,"loc":{"start":{"line":53,"column":0},"end":{"line":56,"column":1}},"locations":[{"start":{"line":53,"column":0},"end":{"line":56,"column":1}}]},"1":{"type":"branch","line":54,"loc":{"start":{"line":54,"column":17},"end":{"line":54,"column":32}},"locations":[{"start":{"line":54,"column":17},"end":{"line":54,"column":32}}]},"2":{"type":"branch","line":55,"loc":{"start":{"line":55,"column":49},"end":{"line":55,"column":63}},"locations":[{"start":{"line":55,"column":49},"end":{"line":55,"column":63}}]},"3":{"type":"branch","line":55,"loc":{"start":{"line":55,"column":76},"end":{"line":55,"column":78}},"locations":[{"start":{"line":55,"column":76},"end":{"line":55,"column":78}}]},"4":{"type":"branch","line":58,"loc":{"start":{"line":58,"column":10},"end":{"line":61,"column":1}},"locations":[{"start":{"line":58,"column":10},"end":{"line":61,"column":1}}]},"5":{"type":"branch","line":5,"loc":{"start":{"line":5,"column":11},"end":{"line":5,"column":26}},"locations":[{"start":{"line":5,"column":11},"end":{"line":5,"column":26}}]},"6":{"type":"branch","line":8,"loc":{"start":{"line":8,"column":18},"end":{"line":8,"column":41}},"locations":[{"start":{"line":8,"column":18},"end":{"line":8,"column":41}}]},"7":{"type":"branch","line":8,"loc":{"start":{"line":8,"column":32},"end":{"line":8,"column":41}},"locations":[{"start":{"line":8,"column":32},"end":{"line":8,"column":41}}]},"8":{"type":"branch","line":10,"loc":{"start":{"line":10,"column":13},"end":{"line":10,"column":32}},"locations":[{"start":{"line":10,"column":13},"end":{"line":10,"column":32}}]},"9":{"type":"branch","line":10,"loc":{"start":{"line":10,"column":26},"end":{"line":12,"column":22}},"locations":[{"start":{"line":10,"column":26},"end":{"line":12,"column":22}}]},"10":{"type":"branch","line":11,"loc":{"start":{"line":11,"column":16},"end":{"line":11,"column":35}},"locations":[{"start":{"line":11,"column":16},"end":{"line":11,"column":35}}]},"11":{"type":"branch","line":12,"loc":{"start":{"line":12,"column":11},"end":{"line":12,"column":22}},"locations":[{"start":{"line":12,"column":11},"end":{"line":12,"column":22}}]},"12":{"type":"branch","line":26,"loc":{"start":{"line":26,"column":14},"end":{"line":26,"column":31}},"locations":[{"start":{"line":26,"column":14},"end":{"line":26,"column":31}}]},"13":{"type":"branch","line":26,"loc":{"start":{"line":26,"column":31},"end":{"line":28,"column":44}},"locations":[{"start":{"line":26,"column":31},"end":{"line":28,"column":44}}]}},"b":{"0":[4],"1":[0],"2":[2],"3":[3],"4":[4],"5":[4],"6":[2],"7":[2],"8":[9],"9":[2],"10":[0],"11":[9],"12":[3],"13":[0]},"fnMap":{"0":{"name":"searchMovie","decl":{"start":{"line":53,"column":0},"end":{"line":56,"column":1}},"loc":{"start":{"line":53,"column":0},"end":{"line":56,"column":1}},"line":53},"1":{"name":"$setup.moviesData.data.length.onUpdate:page._cache.<computed>._cache.<computed>","decl":{"start":{"line":27,"column":22},"end":{"line":27,"column":27}},"loc":{"start":{"line":27,"column":22},"end":{"line":27,"column":27}},"line":27},"2":{"name":"$setup.moviesData.data.length.onUpdate:page._cache.<computed>._cache.<computed>","decl":{"start":{"line":27,"column":26},"end":{"line":29,"column":41}},"loc":{"start":{"line":27,"column":26},"end":{"line":29,"column":41}},"line":27}},"f":{"0":4,"1":0,"2":0}}
,"D:\\codes\\github\\vue-vuetify\\src\\components\\Pagination.vue": {"path":"D:\\codes\\github\\vue-vuetify\\src\\components\\Pagination.vue","all":false,"statementMap":{"1":{"start":{"line":2,"column":0},"end":{"line":2,"column":15}},"2":{"start":{"line":3,"column":0},"end":{"line":3,"column":28}},"3":{"start":{"line":4,"column":0},"end":{"line":4,"column":22}},"4":{"start":{"line":5,"column":0},"end":{"line":5,"column":39}},"5":{"start":{"line":6,"column":0},"end":{"line":6,"column":23}},"6":{"start":{"line":7,"column":0},"end":{"line":7,"column":31}},"7":{"start":{"line":8,"column":0},"end":{"line":8,"column":32}},"8":{"start":{"line":9,"column":0},"end":{"line":9,"column":24}},"9":{"start":{"line":10,"column":0},"end":{"line":10,"column":61}},"10":{"start":{"line":11,"column":0},"end":{"line":11,"column":12}},"11":{"start":{"line":12,"column":0},"end":{"line":12,"column":22}},"12":{"start":{"line":13,"column":0},"end":{"line":13,"column":14}},"13":{"start":{"line":14,"column":0},"end":{"line":14,"column":12}},"14":{"start":{"line":15,"column":0},"end":{"line":15,"column":16}},"24":{"start":{"line":25,"column":0},"end":{"line":25,"column":35}},"25":{"start":{"line":26,"column":0},"end":{"line":26,"column":26}}},"s":{"1":1,"2":1,"3":1,"4":1,"5":1,"6":1,"7":1,"8":1,"9":1,"10":1,"11":1,"12":1,"13":1,"14":1,"24":1,"25":1},"branchMap":{"0":{"type":"branch","line":10,"loc":{"start":{"line":10,"column":31},"end":{"line":10,"column":61}},"locations":[{"start":{"line":10,"column":31},"end":{"line":10,"column":61}}]}},"b":{"0":[1]},"fnMap":{"0":{"name":"onUpdate:modelValue._cache.<computed>._cache.<computed>","decl":{"start":{"line":10,"column":31},"end":{"line":10,"column":61}},"loc":{"start":{"line":10,"column":31},"end":{"line":10,"column":61}},"line":10}},"f":{"0":1}}
,"D:\\codes\\github\\vue-vuetify\\src\\layouts\\default.vue": {"path":"D:\\codes\\github\\vue-vuetify\\src\\layouts\\default.vue","all":false,"statementMap":{"1":{"start":{"line":2,"column":0},"end":{"line":2,"column":10}},"2":{"start":{"line":3,"column":0},"end":{"line":3,"column":19}},"3":{"start":{"line":4,"column":0},"end":{"line":4,"column":11}}},"s":{"1":1,"2":1,"3":1},"branchMap":{},"b":{},"fnMap":{},"f":{}}
,"D:\\codes\\github\\vue-vuetify\\src\\pages\\index.vue": {"path":"D:\\codes\\github\\vue-vuetify\\src\\pages\\index.vue","all":false,"statementMap":{"1":{"start":{"line":2,"column":0},"end":{"line":2,"column":10}}},"s":{"1":1},"branchMap":{},"b":{},"fnMap":{},"f":{}}
,"D:\\codes\\github\\vue-vuetify\\src\\plugins\\axios.ts": {"path":"D:\\codes\\github\\vue-vuetify\\src\\plugins\\axios.ts","all":false,"statementMap":{"0":{"start":{"line":1,"column":0},"end":{"line":1,"column":26}},"2":{"start":{"line":3,"column":0},"end":{"line":3,"column":26}},"3":{"start":{"line":4,"column":0},"end":{"line":4,"column":56}},"4":{"start":{"line":5,"column":0},"end":{"line":5,"column":15}},"5":{"start":{"line":6,"column":0},"end":{"line":6,"column":2}},"7":{"start":{"line":8,"column":0},"end":{"line":8,"column":18}}},"s":{"0":1,"2":1,"3":1,"4":1,"5":1,"7":1},"branchMap":{},"b":{},"fnMap":{},"f":{}}
,"D:\\codes\\github\\vue-vuetify\\src\\services\\movie.ts": {"path":"D:\\codes\\github\\vue-vuetify\\src\\services\\movie.ts","all":false,"statementMap":{"0":{"start":{"line":1,"column":0},"end":{"line":1,"column":33}},"3":{"start":{"line":4,"column":0},"end":{"line":4,"column":113}},"4":{"start":{"line":5,"column":0},"end":{"line":5,"column":59}},"6":{"start":{"line":7,"column":0},"end":{"line":7,"column":53}},"8":{"start":{"line":9,"column":0},"end":{"line":9,"column":6}},"9":{"start":{"line":10,"column":0},"end":{"line":10,"column":61}},"10":{"start":{"line":11,"column":0},"end":{"line":11,"column":12}},"11":{"start":{"line":12,"column":0},"end":{"line":12,"column":6}},"12":{"start":{"line":13,"column":0},"end":{"line":13,"column":22}},"13":{"start":{"line":14,"column":0},"end":{"line":14,"column":16}},"14":{"start":{"line":15,"column":0},"end":{"line":15,"column":36}},"15":{"start":{"line":16,"column":0},"end":{"line":16,"column":3}},"16":{"start":{"line":17,"column":0},"end":{"line":17,"column":1}}},"s":{"0":1,"3":4,"4":4,"6":4,"8":4,"9":4,"10":4,"11":4,"12":2,"13":3,"14":1,"15":1,"16":4},"branchMap":{"0":{"type":"branch","line":4,"loc":{"start":{"line":4,"column":0},"end":{"line":17,"column":1}},"locations":[{"start":{"line":4,"column":0},"end":{"line":17,"column":1}}]},"1":{"type":"branch","line":7,"loc":{"start":{"line":7,"column":6},"end":{"line":7,"column":27}},"locations":[{"start":{"line":7,"column":6},"end":{"line":7,"column":27}}]},"2":{"type":"branch","line":7,"loc":{"start":{"line":7,"column":27},"end":{"line":7,"column":53}},"locations":[{"start":{"line":7,"column":27},"end":{"line":7,"column":53}}]},"3":{"type":"branch","line":12,"loc":{"start":{"line":12,"column":5},"end":{"line":16,"column":3}},"locations":[{"start":{"line":12,"column":5},"end":{"line":16,"column":3}}]},"4":{"type":"branch","line":12,"loc":{"start":{"line":12,"column":5},"end":{"line":14,"column":9}},"locations":[{"start":{"line":12,"column":5},"end":{"line":14,"column":9}}]},"5":{"type":"branch","line":14,"loc":{"start":{"line":14,"column":2},"end":{"line":16,"column":3}},"locations":[{"start":{"line":14,"column":2},"end":{"line":16,"column":3}}]}},"b":{"0":[4],"1":[2],"2":[1],"3":[3],"4":[2],"5":[1]},"fnMap":{"0":{"name":"getMovies","decl":{"start":{"line":4,"column":0},"end":{"line":17,"column":1}},"loc":{"start":{"line":4,"column":0},"end":{"line":17,"column":1}},"line":4}},"f":{"0":4}}
,"D:\\codes\\github\\vue-vuetify\\src\\stores\\app.ts": {"path":"D:\\codes\\github\\vue-vuetify\\src\\stores\\app.ts","all":false,"statementMap":{"0":{"start":{"line":1,"column":0},"end":{"line":1,"column":35}},"1":{"start":{"line":2,"column":0},"end":{"line":2,"column":45}},"5":{"start":{"line":6,"column":0},"end":{"line":6,"column":47}},"6":{"start":{"line":7,"column":0},"end":{"line":7,"column":17}},"7":{"start":{"line":8,"column":0},"end":{"line":8,"column":46}},"8":{"start":{"line":9,"column":0},"end":{"line":9,"column":36}},"9":{"start":{"line":10,"column":0},"end":{"line":10,"column":21}},"10":{"start":{"line":11,"column":0},"end":{"line":11,"column":17}},"11":{"start":{"line":12,"column":0},"end":{"line":12,"column":39}},"12":{"start":{"line":13,"column":0},"end":{"line":13,"column":5}},"13":{"start":{"line":14,"column":0},"end":{"line":14,"column":11}},"14":{"start":{"line":15,"column":0},"end":{"line":15,"column":70}},"15":{"start":{"line":16,"column":0},"end":{"line":16,"column":27}},"16":{"start":{"line":17,"column":0},"end":{"line":17,"column":11}},"17":{"start":{"line":18,"column":0},"end":{"line":18,"column":42}},"18":{"start":{"line":19,"column":0},"end":{"line":19,"column":19}},"19":{"start":{"line":20,"column":0},"end":{"line":20,"column":25}},"20":{"start":{"line":21,"column":0},"end":{"line":21,"column":14}},"21":{"start":{"line":22,"column":0},"end":{"line":22,"column":10}},"22":{"start":{"line":23,"column":0},"end":{"line":23,"column":22}},"23":{"start":{"line":24,"column":0},"end":{"line":24,"column":25}},"24":{"start":{"line":25,"column":0},"end":{"line":25,"column":30}},"25":{"start":{"line":26,"column":0},"end":{"line":26,"column":82}},"26":{"start":{"line":27,"column":0},"end":{"line":27,"column":16}},"27":{"start":{"line":28,"column":0},"end":{"line":28,"column":30}},"28":{"start":{"line":29,"column":0},"end":{"line":29,"column":7}},"29":{"start":{"line":30,"column":0},"end":{"line":30,"column":6}},"30":{"start":{"line":31,"column":0},"end":{"line":31,"column":21}},"31":{"start":{"line":32,"column":0},"end":{"line":32,"column":70}},"32":{"start":{"line":33,"column":0},"end":{"line":33,"column":6}},"33":{"start":{"line":34,"column":0},"end":{"line":34,"column":38}},"34":{"start":{"line":35,"column":0},"end":{"line":35,"column":76}},"35":{"start":{"line":36,"column":0},"end":{"line":36,"column":23}},"36":{"start":{"line":37,"column":0},"end":{"line":37,"column":39}},"37":{"start":{"line":38,"column":0},"end":{"line":38,"column":14}},"38":{"start":{"line":39,"column":0},"end":{"line":39,"column":34}},"39":{"start":{"line":40,"column":0},"end":{"line":40,"column":7}},"40":{"start":{"line":41,"column":0},"end":{"line":41,"column":65}},"41":{"start":{"line":42,"column":0},"end":{"line":42,"column":6}},"42":{"start":{"line":43,"column":0},"end":{"line":43,"column":28}},"43":{"start":{"line":44,"column":0},"end":{"line":44,"column":54}},"44":{"start":{"line":45,"column":0},"end":{"line":45,"column":5}},"45":{"start":{"line":46,"column":0},"end":{"line":46,"column":4}},"46":{"start":{"line":47,"column":0},"end":{"line":47,"column":2}}},"s":{"0":1,"1":1,"5":1,"6":1,"7":17,"8":17,"9":17,"10":17,"11":17,"12":17,"13":1,"14":1,"15":3,"16":3,"17":3,"18":3,"19":3,"20":3,"21":3,"22":1,"23":1,"24":1,"25":1,"26":2,"27":2,"28":2,"29":3,"30":1,"31":3,"32":3,"33":1,"34":5,"35":5,"36":0,"37":5,"38":5,"39":5,"40":5,"41":5,"42":1,"43":12,"44":12,"45":1,"46":1},"branchMap":{"0":{"type":"branch","line":7,"loc":{"start":{"line":7,"column":9},"end":{"line":13,"column":5}},"locations":[{"start":{"line":7,"column":9},"end":{"line":13,"column":5}}]},"1":{"type":"branch","line":15,"loc":{"start":{"line":15,"column":4},"end":{"line":30,"column":6}},"locations":[{"start":{"line":15,"column":4},"end":{"line":30,"column":6}}]},"2":{"type":"branch","line":22,"loc":{"start":{"line":22,"column":8},"end":{"line":29,"column":7}},"locations":[{"start":{"line":22,"column":8},"end":{"line":29,"column":7}}]},"3":{"type":"branch","line":22,"loc":{"start":{"line":22,"column":8},"end":{"line":27,"column":8}},"locations":[{"start":{"line":22,"column":8},"end":{"line":27,"column":8}}]},"4":{"type":"branch","line":26,"loc":{"start":{"line":26,"column":59},"end":{"line":26,"column":82}},"locations":[{"start":{"line":26,"column":59},"end":{"line":26,"column":82}}]},"5":{"type":"branch","line":31,"loc":{"start":{"line":31,"column":4},"end":{"line":33,"column":6}},"locations":[{"start":{"line":31,"column":4},"end":{"line":33,"column":6}}]},"6":{"type":"branch","line":32,"loc":{"start":{"line":32,"column":60},"end":{"line":32,"column":69}},"locations":[{"start":{"line":32,"column":60},"end":{"line":32,"column":69}}]},"7":{"type":"branch","line":34,"loc":{"start":{"line":34,"column":4},"end":{"line":42,"column":6}},"locations":[{"start":{"line":34,"column":4},"end":{"line":42,"column":6}}]},"8":{"type":"branch","line":36,"loc":{"start":{"line":36,"column":22},"end":{"line":38,"column":13}},"locations":[{"start":{"line":36,"column":22},"end":{"line":38,"column":13}}]},"9":{"type":"branch","line":43,"loc":{"start":{"line":43,"column":4},"end":{"line":45,"column":5}},"locations":[{"start":{"line":43,"column":4},"end":{"line":45,"column":5}}]},"10":{"type":"branch","line":44,"loc":{"start":{"line":44,"column":33},"end":{"line":44,"column":53}},"locations":[{"start":{"line":44,"column":33},"end":{"line":44,"column":53}}]}},"b":{"0":[17],"1":[3],"2":[2],"3":[1],"4":[0],"5":[3],"6":[2],"7":[5],"8":[0],"9":[12],"10":[6]},"fnMap":{"0":{"name":"state","decl":{"start":{"line":7,"column":9},"end":{"line":13,"column":5}},"loc":{"start":{"line":7,"column":9},"end":{"line":13,"column":5}},"line":7},"1":{"name":"fetchData","decl":{"start":{"line":15,"column":4},"end":{"line":30,"column":6}},"loc":{"start":{"line":15,"column":4},"end":{"line":30,"column":6}},"line":15},"2":{"name":"loadFavorites","decl":{"start":{"line":31,"column":4},"end":{"line":33,"column":6}},"loc":{"start":{"line":31,"column":4},"end":{"line":33,"column":6}},"line":31},"3":{"name":"toggleFavorite","decl":{"start":{"line":34,"column":4},"end":{"line":42,"column":6}},"loc":{"start":{"line":34,"column":4},"end":{"line":42,"column":6}},"line":34},"4":{"name":"isFavorite","decl":{"start":{"line":43,"column":4},"end":{"line":45,"column":5}},"loc":{"start":{"line":43,"column":4},"end":{"line":45,"column":5}},"line":43}},"f":{"0":17,"1":3,"2":3,"3":5,"4":12}}
}
